#
# There is insufficient memory for the Java Runtime Environment to continue.
# Native memory allocation (malloc) failed to allocate 524288 bytes for AllocateHeap
# Possible reasons:
#   The system is out of physical RAM or swap space
#   The process is running with CompressedOops enabled, and the Java Heap may be blocking the growth of the native heap
# Possible solutions:
#   Reduce memory load on the system
#   Increase physical memory or swap space
#   Check if swap backing store is full
#   Decrease Java heap size (-Xmx/-Xms)
#   Decrease number of Java threads
#   Decrease Java thread stack sizes (-Xss)
#   Set larger code cache with -XX:ReservedCodeCacheSize=
#   JVM is running with Zero Based Compressed Oops mode in which the Java heap is
#     placed in the first 32GB address space. The Java Heap base address is the
#     maximum limit for the native heap growth. Please use -XX:HeapBaseMinAddress
#     to set the Java Heap base and to place the Java Heap above 32GB virtual address.
# This output file may be truncated or incomplete.
#
#  Out of Memory Error (./open/src/hotspot/share/memory/allocation.cpp:46), pid=18164, tid=48632
#
# JRE version:  (11.0.19+9) (build )
# Java VM: Java HotSpot(TM) 64-Bit Server VM (11.0.19+9-LTS-224, mixed mode, tiered, compressed oops, g1 gc, windows-amd64)
# No core dump will be written. Minidumps are not enabled by default on client versions of Windows
#

---------------  S U M M A R Y ------------

Command Line: -ea -Dfile.encoding=UTF-8 -Dstdout.encoding=UTF-8 -Dstderr.encoding=UTF-8 org.testng.remote.RemoteTestNG -serport 55640 -protocol json -d D:\Eclipse\AppiumDemo01\AppiumFramework\test-output D:\Eclipse\AppiumDemo01\AppiumFramework\testng.xml

Host: Intel(R) Core(TM) i5-10210U CPU @ 1.60GHz, 8 cores, 15G,  Windows 10 , 64 bit Build 19041 (10.0.19041.3570)
Time: Mon Nov  6 15:29:49 2023 India Standard Time elapsed time: 0.106721 seconds (0d 0h 0m 0s)

---------------  T H R E A D  ---------------

Current thread (0x0000015ebba94800):  JavaThread "Unknown thread" [_thread_in_vm, id=48632, stack(0x00000015c6300000,0x00000015c6400000)]

Stack: [0x00000015c6300000,0x00000015c6400000]
Native frames: (J=compiled Java code, j=interpreted, Vv=VM code, C=native code)
V  [jvm.dll+0x65fe1a]
V  [jvm.dll+0x7a2bbf]
V  [jvm.dll+0x7a4289]
V  [jvm.dll+0x7a4923]
V  [jvm.dll+0x258a25]
V  [jvm.dll+0xb12e4]
V  [jvm.dll+0x6f5fa2]
V  [jvm.dll+0x6f5f37]
V  [jvm.dll+0x6f60aa]
V  [jvm.dll+0x77b022]
V  [jvm.dll+0x77d75e]
V  [jvm.dll+0x36ce69]
V  [jvm.dll+0x76070f]
V  [jvm.dll+0x3defe7]
V  [jvm.dll+0x3e1091]
C  [jli.dll+0x52e7]
C  [ucrtbase.dll+0x21bb2]
C  [KERNEL32.DLL+0x17344]
C  [ntdll.dll+0x526b1]


---------------  P R O C E S S  ---------------

Threads class SMR info:
_java_thread_list=0x0000015eb98df1e0, length=0, elements={
}

Java Threads: ( => current thread )

Other Threads:
  0x0000015ebbaa9800 GCTaskThread "GC Thread#0" [stack: 0x00000015c6400000,0x00000015c6500000] [id=27300]
  0x0000015ebbb01000 ConcurrentGCThread "G1 Main Marker" [stack: 0x00000015c6500000,0x00000015c6600000] [id=55340]
  0x0000015ebbb03000 ConcurrentGCThread "G1 Conc#0" [stack: 0x00000015c6600000,0x00000015c6700000] [id=55940]
  0x0000015ede510800 ConcurrentGCThread "G1 Refine#0" [stack: 0x00000015c6700000,0x00000015c6800000] [id=9460]
  0x0000015ede513800 ConcurrentGCThread "G1 Young RemSet Sampling" [stack: 0x00000015c6800000,0x00000015c6900000] [id=20148]

=>0x0000015ebba94800 (exited) JavaThread "Unknown thread" [_thread_in_vm, id=48632, stack(0x00000015c6300000,0x00000015c6400000)]

Threads with active compile tasks:

VM state:not at safepoint (not fully initialized)

VM Mutex/Monitor currently owned by a thread: None

Heap address: 0x0000000703400000, size: 4044 MB, Compressed Oops mode: Zero based, Oop shift amount: 3
Narrow klass base: 0x0000000800000000, Narrow klass shift: 0
Compressed class space size: 1073741824 Address: 0x0000000800000000

GC Heap History (0 events):
No events

Deoptimization events (0 events):
No events

Classes redefined (0 events):
No events

Internal exceptions (0 events):
No events

Events (0 events):
No events


Dynamic libraries:
0x00007ff734a40000 - 0x00007ff734a50000 	C:\Program Files\Java\jdk-11\bin\javaw.exe
0x00007ffbeefd0000 - 0x00007ffbef1c7000 	C:\Windows\SYSTEM32\ntdll.dll
0x00007ffbedb70000 - 0x00007ffbedc2d000 	C:\Windows\System32\KERNEL32.DLL
0x00007ffbeca00000 - 0x00007ffbeccf6000 	C:\Windows\System32\KERNELBASE.dll
0x00007ffbecd00000 - 0x00007ffbece00000 	C:\Windows\System32\ucrtbase.dll
0x00007ffbd3c00000 - 0x00007ffbd3c1b000 	C:\Program Files\Java\jdk-11\bin\VCRUNTIME140.dll
0x00007ffbd3040000 - 0x00007ffbd3059000 	C:\Program Files\Java\jdk-11\bin\jli.dll
0x00007ffbee430000 - 0x00007ffbee4de000 	C:\Windows\System32\ADVAPI32.dll
0x00007ffbeec20000 - 0x00007ffbeecbe000 	C:\Windows\System32\msvcrt.dll
0x00007ffbee180000 - 0x00007ffbee21c000 	C:\Windows\System32\sechost.dll
0x00007ffbeda40000 - 0x00007ffbedb66000 	C:\Windows\System32\RPCRT4.dll
0x00007ffbeed40000 - 0x00007ffbeeede000 	C:\Windows\System32\USER32.dll
0x00007ffbec800000 - 0x00007ffbec822000 	C:\Windows\System32\win32u.dll
0x00007ffbd6e00000 - 0x00007ffbd709a000 	C:\Windows\WinSxS\amd64_microsoft.windows.common-controls_6595b64144ccf1df_6.0.19041.3570_none_60bb2a3971f3e41a\COMCTL32.dll
0x00007ffbee4e0000 - 0x00007ffbee50c000 	C:\Windows\System32\GDI32.dll
0x00007ffbec6e0000 - 0x00007ffbec7fa000 	C:\Windows\System32\gdi32full.dll
0x00007ffbece00000 - 0x00007ffbece9d000 	C:\Windows\System32\msvcp_win.dll
0x00007ffbe07e0000 - 0x00007ffbe07ea000 	C:\Windows\SYSTEM32\VERSION.dll
0x00007ffbee010000 - 0x00007ffbee040000 	C:\Windows\System32\IMM32.DLL
0x00007ffbe4d50000 - 0x00007ffbe4d5c000 	C:\Program Files\Java\jdk-11\bin\vcruntime140_1.dll
0x00007ffbb0d30000 - 0x00007ffbb0dbe000 	C:\Program Files\Java\jdk-11\bin\msvcp140.dll
0x00007ffb41730000 - 0x00007ffb4229c000 	C:\Program Files\Java\jdk-11\bin\server\jvm.dll
0x00007ffbeebb0000 - 0x00007ffbeebb8000 	C:\Windows\System32\PSAPI.DLL
0x00007ffbd36a0000 - 0x00007ffbd36a9000 	C:\Windows\SYSTEM32\WSOCK32.dll
0x00007ffbee6d0000 - 0x00007ffbee73b000 	C:\Windows\System32\WS2_32.dll
0x00007ffbd0ba0000 - 0x00007ffbd0bc7000 	C:\Windows\SYSTEM32\WINMM.dll
0x00007ffbeaee0000 - 0x00007ffbeaef2000 	C:\Windows\SYSTEM32\kernel.appcore.dll
0x00007ffbe33f0000 - 0x00007ffbe3400000 	C:\Program Files\Java\jdk-11\bin\verify.dll
0x00007ffbe72b0000 - 0x00007ffbe7494000 	C:\Windows\SYSTEM32\DBGHELP.DLL
0x00007ffbd6dc0000 - 0x00007ffbd6df4000 	C:\Windows\SYSTEM32\dbgcore.DLL
0x00007ffbecef0000 - 0x00007ffbecf72000 	C:\Windows\System32\bcryptPrimitives.dll
0x00007ffbcb6e0000 - 0x00007ffbcb708000 	C:\Program Files\Java\jdk-11\bin\java.dll
0x00007ffbd2fb0000 - 0x00007ffbd2fba000 	C:\Program Files\Java\jdk-11\bin\jimage.dll
0x00007ffbcb6c0000 - 0x00007ffbcb6d7000 	C:\Program Files\Java\jdk-11\bin\zip.dll

dbghelp: loaded successfully - version: 4.0.5 - missing functions: none
symbol engine: initialized successfully - sym options: 0x614 - pdb path: .;C:\Program Files\Java\jdk-11\bin;C:\Windows\SYSTEM32;C:\Windows\WinSxS\amd64_microsoft.windows.common-controls_6595b64144ccf1df_6.0.19041.3570_none_60bb2a3971f3e41a;C:\Program Files\Java\jdk-11\bin\server

VM Arguments:
jvm_args: -ea -Dfile.encoding=UTF-8 -Dstdout.encoding=UTF-8 -Dstderr.encoding=UTF-8 
java_command: org.testng.remote.RemoteTestNG -serport 55640 -protocol json -d D:\Eclipse\AppiumDemo01\AppiumFramework\test-output D:\Eclipse\AppiumDemo01\AppiumFramework\testng.xml
java_class_path (initial): C:\Users\mukeshn\eclipse\java-2023-09\eclipse\configuration\org.eclipse.osgi\534\0\.cp\lib\testng-remote.jar;D:\Eclipse\AppiumDemo01\AppiumFramework\target\test-classes;D:\Eclipse\AppiumDemo01\AppiumFramework\target\classes;C:\Users\mukeshn\.m2\repository\io\appium\java-client\8.5.1\java-client-8.5.1.jar;C:\Users\mukeshn\.m2\repository\org\seleniumhq\selenium\selenium-api\4.14.1\selenium-api-4.14.1.jar;C:\Users\mukeshn\.m2\repository\org\seleniumhq\selenium\selenium-support\4.14.1\selenium-support-4.14.1.jar;C:\Users\mukeshn\.m2\repository\com\google\code\gson\gson\2.10.1\gson-2.10.1.jar;C:\Users\mukeshn\.m2\repository\commons-validator\commons-validator\1.7\commons-validator-1.7.jar;C:\Users\mukeshn\.m2\repository\commons-beanutils\commons-beanutils\1.9.4\commons-beanutils-1.9.4.jar;C:\Users\mukeshn\.m2\repository\commons-digester\commons-digester\2.1\commons-digester-2.1.jar;C:\Users\mukeshn\.m2\repository\commons-logging\commons-logging\1.2\commons-logging-1.2.jar;C:\Users\mukeshn\.m2\repository\commons-collections\commons-collections\3.2.2\commons-collections-3.2.2.jar;C:\Users\mukeshn\.m2\repository\org\apache\commons\commons-lang3\3.12.0\commons-lang3-3.12.0.jar;C:\Users\mukeshn\.m2\repository\org\slf4j\slf4j-api\2.0.7\slf4j-api-2.0.7.jar;C:\Users\mukeshn\.m2\repository\org\testng\testng\7.7.1\testng-7.7.1.jar;C:\Users\mukeshn\.m2\repository\com\beust\jcommander\1.82\jcommander-1.82.jar;C:\Users\mukeshn\.m2\repository\org\webjars\jquery\3.6.1\jquery-3.6.1.jar;C:\Users\mukeshn\.m2\repository\log4j\log4j\1.2.17\log4j-1.2.17.jar;C:\Users\mukeshn\.m2\repository\org\seleniumhq\selenium\selenium-java\4.12.1\selenium-java-4.12.1.jar;C:\Users\mukeshn\.m2\repository\org\seleniumhq\selenium\selenium-chrome-driver\4.12.1\selenium-chrome-driver-4.12.1.jar;C:\Users\mukeshn\.m2\repository\org\seleniumhq\selenium\selenium-chromium-driver\4.12.1\selenium-chromium-driver-4.12.1.jar;C:\Users\mukeshn\.m2\repository\org\seleniumhq\selenium\selenium-de
Launcher Type: SUN_STANDARD

[Global flags]
     intx CICompilerCount                          = 4                                         {product} {ergonomic}
     uint ConcGCThreads                            = 2                                         {product} {ergonomic}
     uint G1ConcRefinementThreads                  = 8                                         {product} {ergonomic}
   size_t G1HeapRegionSize                         = 1048576                                   {product} {ergonomic}
    uintx GCDrainStackTargetSize                   = 64                                        {product} {ergonomic}
   size_t InitialHeapSize                          = 266338304                                 {product} {ergonomic}
   size_t MarkStackSize                            = 4194304                                   {product} {ergonomic}
   size_t MaxHeapSize                              = 4240441344                                {product} {ergonomic}
   size_t MaxNewSize                               = 2543845376                                {product} {ergonomic}
   size_t MinHeapDeltaBytes                        = 1048576                                   {product} {ergonomic}
    uintx NonNMethodCodeHeapSize                   = 5836300                                {pd product} {ergonomic}
    uintx NonProfiledCodeHeapSize                  = 122910970                              {pd product} {ergonomic}
    uintx ProfiledCodeHeapSize                     = 122910970                              {pd product} {ergonomic}
    uintx ReservedCodeCacheSize                    = 251658240                              {pd product} {ergonomic}
     bool SegmentedCodeCache                       = true                                      {product} {ergonomic}
     bool UseCompressedClassPointers               = true                                 {lp64_product} {ergonomic}
     bool UseCompressedOops                        = true                                 {lp64_product} {ergonomic}
     bool UseG1GC                                  = true                                      {product} {ergonomic}
     bool UseLargePagesIndividualAllocation        = false                                  {pd product} {ergonomic}

Logging:
Log output configuration:
 #0: stdout all=warning uptime,level,tags
 #1: stderr all=off uptime,level,tags

Environment Variables:
JAVA_HOME=C:\Program Files\Java\jdk-11
PATH=C:/Users/mukeshn/.p2/pool/plugins/org.eclipse.justj.openjdk.hotspot.jre.full.win32.x86_64_19.0.2.v20230129-1123/jre/bin/server;C:/Users/mukeshn/.p2/pool/plugins/org.eclipse.justj.openjdk.hotspot.jre.full.win32.x86_64_19.0.2.v20230129-1123/jre/bin;C:\Program Files\Common Files\Oracle\Java\javapath;C:\Windows\system32;C:\Windows;C:\Windows\System32\Wbem;C:\Windows\System32\WindowsPowerShell\v1.0\;C:\Windows\System32\OpenSSH\;C:\Program Files\Microsoft VS Code\bin;C:\Program Files\nodejs\;C:\Users\mukeshn\AppData\Local\Android\Sdk\tools\bin;C:\Users\mukeshn\AppData\Local\Android\Sdk\tools;C:\Users\mukeshn\AppData\Local\Android\Sdk\platform-tools;C:\Program Files\nodejs\node_modules\npm\bin;C:\Users\mukeshn\AppData\Local\Microsoft\WindowsApps;C:\Users\mukeshn\AppData\Roaming\npm;C:\Windows\system32;
USERNAME=mukeshn
OS=Windows_NT
PROCESSOR_IDENTIFIER=Intel64 Family 6 Model 142 Stepping 12, GenuineIntel



---------------  S Y S T E M  ---------------

OS: Windows 10 , 64 bit Build 19041 (10.0.19041.3570)

CPU:total 8 (initial active 8) (4 cores per cpu, 2 threads per core) family 6 model 142 stepping 12 microcode 0xea, cmov, cx8, fxsr, mmx, sse, sse2, sse3, ssse3, sse4.1, sse4.2, popcnt, avx, avx2, aes, clmul, erms, 3dnowpref, lzcnt, ht, tsc, tscinvbit, bmi1, bmi2, adx, fma

Memory: 4k page, system-wide physical 16172M (181M free)
TotalPageFile size 46616M (AvailPageFile size 2M)
current process WorkingSet (physical memory assigned to process): 21M, peak: 21M
current process commit charge ("private bytes"): 327M, peak: 327M

vm_info: Java HotSpot(TM) 64-Bit Server VM (11.0.19+9-LTS-224) for windows-amd64 JRE (11.0.19+9-LTS-224), built on Mar 27 2023 08:48:55 by "mach5one" with MS VC++ 17.1 (VS2022)

END.
