#
# There is insufficient memory for the Java Runtime Environment to continue.
# Native memory allocation (malloc) failed to allocate 32744 bytes for ChunkPool::allocate
# Possible reasons:
#   The system is out of physical RAM or swap space
#   The process is running with CompressedOops enabled, and the Java Heap may be blocking the growth of the native heap
# Possible solutions:
#   Reduce memory load on the system
#   Increase physical memory or swap space
#   Check if swap backing store is full
#   Decrease Java heap size (-Xmx/-Xms)
#   Decrease number of Java threads
#   Decrease Java thread stack sizes (-Xss)
#   Set larger code cache with -XX:ReservedCodeCacheSize=
#   JVM is running with Zero Based Compressed Oops mode in which the Java heap is
#     placed in the first 32GB address space. The Java Heap base address is the
#     maximum limit for the native heap growth. Please use -XX:HeapBaseMinAddress
#     to set the Java Heap base and to place the Java Heap above 32GB virtual address.
# This output file may be truncated or incomplete.
#
#  Out of Memory Error (./open/src/hotspot/share/memory/arena.cpp:81), pid=46160, tid=17252
#
# JRE version: Java(TM) SE Runtime Environment 18.9 (11.0.19+9) (build 11.0.19+9-LTS-224)
# Java VM: Java HotSpot(TM) 64-Bit Server VM 18.9 (11.0.19+9-LTS-224, mixed mode, tiered, compressed oops, g1 gc, windows-amd64)
# No core dump will be written. Minidumps are not enabled by default on client versions of Windows
#

---------------  S U M M A R Y ------------

Command Line: -ea -Dfile.encoding=UTF-8 -Dstdout.encoding=UTF-8 -Dstderr.encoding=UTF-8 org.testng.remote.RemoteTestNG -serport 63952 -protocol json -d D:\Eclipse\AppiumDemo01\AppiumFramework\test-output D:\Eclipse\AppiumDemo01\AppiumFramework\testng.xml

Host: Intel(R) Core(TM) i5-10210U CPU @ 1.60GHz, 8 cores, 15G,  Windows 10 , 64 bit Build 19041 (10.0.19041.3570)
Time: Mon Nov  6 15:29:28 2023 India Standard Time elapsed time: 12.724718 seconds (0d 0h 0m 12s)

---------------  T H R E A D  ---------------

Current thread (0x000002115bbac000):  VMThread "VM Thread" [stack: 0x000000b01d700000,0x000000b01d800000] [id=17252]

Stack: [0x000000b01d700000,0x000000b01d800000]
[error occurred during error reporting (printing stack bounds), id 0xc0000005, EXCEPTION_ACCESS_VIOLATION (0xc0000005) at pc=0x000002113ffa0f2d]

Native frames: (J=compiled Java code, j=interpreted, Vv=VM code, C=native code)
V  [jvm.dll+0x65fe1a]
V  [jvm.dll+0x7a2bbf]
V  [jvm.dll+0x7a4289]
V  [jvm.dll+0x7a4885]
V  [jvm.dll+0x7a483b]
V  [jvm.dll+0x65f323]
V  [jvm.dll+0x65fa18]
C  [ntdll.dll+0xa23af]
C  [ntdll.dll+0x514b4]
C  [ntdll.dll+0xa0ebe]
C  0x000002113ffa0f2d

VM_Operation (0x000000b01f1fd410): RevokeBias, mode: safepoint, requested by thread 0x000002115de03000


---------------  P R O C E S S  ---------------

Threads class SMR info:
_java_thread_list=0x000002115de44810, length=19, elements={
0x000002113709e800, 0x000002115bbae000, 0x000002115bbb7000, 0x000002115bbc7000,
0x000002115bbc7800, 0x000002115bbc9800, 0x000002115c4bc800, 0x000002115c4cb800,
0x000002115c4d4000, 0x000002115c635000, 0x000002115d176000, 0x000002115dcb8800,
0x000002115d81d000, 0x000002115e09e800, 0x000002115dbcb800, 0x000002115db41000,
0x000002115df0f800, 0x000002115c72d800, 0x000002115de03000
}

Java Threads: ( => current thread )
  0x000002113709e800 JavaThread "Forwarding newSession on session null to remote" [_thread_blocked, id=54976, stack(0x000000b01d100000,0x000000b01d200000)]
  0x000002115bbae000 JavaThread "Reference Handler" daemon [_thread_blocked, id=16580, stack(0x000000b01d800000,0x000000b01d900000)]
  0x000002115bbb7000 JavaThread "Finalizer" daemon [_thread_blocked, id=50036, stack(0x000000b01d900000,0x000000b01da00000)]
  0x000002115bbc7000 JavaThread "Signal Dispatcher" daemon [_thread_blocked, id=54188, stack(0x000000b01da00000,0x000000b01db00000)]
  0x000002115bbc7800 JavaThread "Attach Listener" daemon [_thread_blocked, id=49520, stack(0x000000b01db00000,0x000000b01dc00000)]
  0x000002115bbc9800 JavaThread "Service Thread" daemon [_thread_blocked, id=48024, stack(0x000000b01dc00000,0x000000b01dd00000)]
  0x000002115c4bc800 JavaThread "C2 CompilerThread0" daemon [_thread_blocked, id=46104, stack(0x000000b01dd00000,0x000000b01de00000)]
  0x000002115c4cb800 JavaThread "C1 CompilerThread0" daemon [_thread_blocked, id=10888, stack(0x000000b01de00000,0x000000b01df00000)]
  0x000002115c4d4000 JavaThread "Sweeper thread" daemon [_thread_blocked, id=16020, stack(0x000000b01df00000,0x000000b01e000000)]
  0x000002115c635000 JavaThread "Common-Cleaner" daemon [_thread_blocked, id=53516, stack(0x000000b01e100000,0x000000b01e200000)]
  0x000002115d176000 JavaThread "ReaderThread" [_thread_in_native, id=45604, stack(0x000000b01e400000,0x000000b01e500000)]
  0x000002115dcb8800 JavaThread "Exec Default Executor" daemon [_thread_in_native, id=49584, stack(0x000000b01ea00000,0x000000b01eb00000)]
  0x000002115d81d000 JavaThread "UrlChecker-2" daemon [_thread_blocked, id=54244, stack(0x000000b01eb00000,0x000000b01ec00000)]
  0x000002115e09e800 JavaThread "Exec Stream Pumper" daemon [_thread_in_native, id=43488, stack(0x000000b01ec00000,0x000000b01ed00000)]
  0x000002115dbcb800 JavaThread "Exec Stream Pumper" daemon [_thread_in_native, id=52792, stack(0x000000b01ed00000,0x000000b01ee00000)]
  0x000002115db41000 JavaThread "Keep-Alive-Timer" daemon [_thread_blocked, id=53152, stack(0x000000b01e200000,0x000000b01e300000)]
  0x000002115df0f800 JavaThread "ForkJoinPool.commonPool-worker-3" daemon [_thread_blocked, id=54432, stack(0x000000b01ee00000,0x000000b01ef00000)]
  0x000002115c72d800 JavaThread "AsyncHttpClient-1-1" daemon [_thread_blocked, id=55248, stack(0x000000b01f000000,0x000000b01f100000)]
  0x000002115de03000 JavaThread "AsyncHttpClient-1-2" daemon [_thread_blocked, id=48932, stack(0x000000b01f100000,0x000000b01f200000)]

Other Threads:
=>0x000002115bbac000 VMThread "VM Thread" [stack: 0x000000b01d700000,0x000000b01d800000] [id=17252]
  0x000002115c637800 WatcherThread [stack: 0x000000b01e000000,0x000000b01e100000] [id=55228]
  0x00000211370b5800 GCTaskThread "GC Thread#0" [stack: 0x000000b01d200000,0x000000b01d300000] [id=45292]
  0x000002115d2dd800 GCTaskThread "GC Thread#1" [stack: 0x000000b01e500000,0x000000b01e600000] [id=54444]
  0x000002115d309800 GCTaskThread "GC Thread#2" [stack: 0x000000b01e600000,0x000000b01e700000] [id=55080]
  0x000002115d2d0800 GCTaskThread "GC Thread#3" [stack: 0x000000b01e700000,0x000000b01e800000] [id=56124]
  0x000002115d2d1000 GCTaskThread "GC Thread#4" [stack: 0x000000b01e800000,0x000000b01e900000] [id=50368]
  0x000002115d2f9000 GCTaskThread "GC Thread#5" [stack: 0x000000b01e900000,0x000000b01ea00000] [id=18084]
  0x0000021137111000 ConcurrentGCThread "G1 Main Marker" [stack: 0x000000b01d300000,0x000000b01d400000] [id=52768]
  0x0000021137114000 ConcurrentGCThread "G1 Conc#0" [stack: 0x000000b01d400000,0x000000b01d500000] [id=44108]
  0x000002115deec000 ConcurrentGCThread "G1 Conc#1" [stack: 0x000000b01ef00000,0x000000b01f000000] [id=17552]
  0x000002115ba93800 ConcurrentGCThread "G1 Refine#0" [stack: 0x000000b01d500000,0x000000b01d600000] [id=51996]
  0x000002115ba96800 ConcurrentGCThread "G1 Young RemSet Sampling" [stack: 0x000000b01d600000,0x000000b01d700000] [id=47128]

Threads with active compile tasks:
C2 CompilerThread0    12764 2265   !   4       jdk.internal.loader.URLClassPath$JarLoader::getResource (353 bytes)

VM state:at safepoint (normal execution)

VM Mutex/Monitor currently owned by a thread:  ([mutex/lock_event])
[0x000002113709aef0] Threads_lock - owner thread: 0x000002115bbac000

Heap address: 0x0000000703400000, size: 4044 MB, Compressed Oops mode: Zero based, Oop shift amount: 3
Narrow klass base: 0x0000000800000000, Narrow klass shift: 0
Compressed class space size: 1073741824 Address: 0x0000000800000000

Heap:
 garbage-first heap   total 260096K, used 14221K [0x0000000703400000, 0x0000000800000000)
  region size 1024K, 9 young (9216K), 6 survivors (6144K)
 Metaspace       used 28781K, capacity 29835K, committed 29952K, reserved 1075200K
  class space    used 3295K, capacity 3740K, committed 3840K, reserved 1048576K
Heap Regions: E=young(eden), S=young(survivor), O=old, HS=humongous(starts), HC=humongous(continues), CS=collection set, F=free, A=archive, TAMS=top-at-mark-start (previous, next)
|   0|0x0000000703400000, 0x0000000703500000, 0x0000000703500000|100%| O|  |TAMS 0x0000000703500000, 0x0000000703400000| Untracked 
|   1|0x0000000703500000, 0x0000000703600000, 0x0000000703600000|100%| O|  |TAMS 0x0000000703600000, 0x0000000703500000| Untracked 
|   2|0x0000000703600000, 0x0000000703700000, 0x0000000703700000|100%| O|  |TAMS 0x0000000703700000, 0x0000000703600000| Untracked 
|   3|0x0000000703700000, 0x0000000703800000, 0x0000000703800000|100%| O|  |TAMS 0x00000007037b3000, 0x0000000703700000| Untracked 
|   4|0x0000000703800000, 0x0000000703900000, 0x0000000703900000|100%| O|  |TAMS 0x0000000703800000, 0x0000000703800000| Untracked 
|   5|0x0000000703900000, 0x0000000703a00000, 0x0000000703a00000|100%| O|  |TAMS 0x0000000703900000, 0x0000000703900000| Untracked 
|   6|0x0000000703a00000, 0x0000000703a93a00, 0x0000000703b00000| 57%| O|  |TAMS 0x0000000703a00000, 0x0000000703a00000| Untracked 
|   7|0x0000000703b00000, 0x0000000703b00000, 0x0000000703c00000|  0%| F|  |TAMS 0x0000000703b00000, 0x0000000703b00000| Untracked 
|   8|0x0000000703c00000, 0x0000000703c00000, 0x0000000703d00000|  0%| F|  |TAMS 0x0000000703c00000, 0x0000000703c00000| Untracked 
|   9|0x0000000703d00000, 0x0000000703d00000, 0x0000000703e00000|  0%| F|  |TAMS 0x0000000703d00000, 0x0000000703d00000| Untracked 
|  10|0x0000000703e00000, 0x0000000703e00000, 0x0000000703f00000|  0%| F|  |TAMS 0x0000000703e00000, 0x0000000703e00000| Untracked 
|  11|0x0000000703f00000, 0x0000000703f00000, 0x0000000704000000|  0%| F|  |TAMS 0x0000000703f00000, 0x0000000703f00000| Untracked 
|  12|0x0000000704000000, 0x0000000704000000, 0x0000000704100000|  0%| F|  |TAMS 0x0000000704000000, 0x0000000704000000| Untracked 
|  13|0x0000000704100000, 0x0000000704100000, 0x0000000704200000|  0%| F|  |TAMS 0x0000000704100000, 0x0000000704100000| Untracked 
|  14|0x0000000704200000, 0x0000000704200000, 0x0000000704300000|  0%| F|  |TAMS 0x0000000704200000, 0x0000000704200000| Untracked 
|  15|0x0000000704300000, 0x0000000704300000, 0x0000000704400000|  0%| F|  |TAMS 0x0000000704300000, 0x0000000704300000| Untracked 
|  16|0x0000000704400000, 0x0000000704400000, 0x0000000704500000|  0%| F|  |TAMS 0x0000000704400000, 0x0000000704400000| Untracked 
|  17|0x0000000704500000, 0x0000000704500000, 0x0000000704600000|  0%| F|  |TAMS 0x0000000704500000, 0x0000000704500000| Untracked 
|  18|0x0000000704600000, 0x0000000704600000, 0x0000000704700000|  0%| F|  |TAMS 0x0000000704600000, 0x0000000704600000| Untracked 
|  19|0x0000000704700000, 0x0000000704700000, 0x0000000704800000|  0%| F|  |TAMS 0x0000000704700000, 0x0000000704700000| Untracked 
|  20|0x0000000704800000, 0x0000000704800000, 0x0000000704900000|  0%| F|  |TAMS 0x0000000704800000, 0x0000000704800000| Untracked 
|  21|0x0000000704900000, 0x0000000704900000, 0x0000000704a00000|  0%| F|  |TAMS 0x0000000704900000, 0x0000000704900000| Untracked 
|  22|0x0000000704a00000, 0x0000000704a00000, 0x0000000704b00000|  0%| F|  |TAMS 0x0000000704a00000, 0x0000000704a00000| Untracked 
|  23|0x0000000704b00000, 0x0000000704b00000, 0x0000000704c00000|  0%| F|  |TAMS 0x0000000704b00000, 0x0000000704b00000| Untracked 
|  24|0x0000000704c00000, 0x0000000704c00000, 0x0000000704d00000|  0%| F|  |TAMS 0x0000000704c00000, 0x0000000704c00000| Untracked 
|  25|0x0000000704d00000, 0x0000000704d00000, 0x0000000704e00000|  0%| F|  |TAMS 0x0000000704d00000, 0x0000000704d00000| Untracked 
|  26|0x0000000704e00000, 0x0000000704e00000, 0x0000000704f00000|  0%| F|  |TAMS 0x0000000704e00000, 0x0000000704e00000| Untracked 
|  27|0x0000000704f00000, 0x0000000704f00000, 0x0000000705000000|  0%| F|  |TAMS 0x0000000704f00000, 0x0000000704f00000| Untracked 
|  28|0x0000000705000000, 0x0000000705000000, 0x0000000705100000|  0%| F|  |TAMS 0x0000000705000000, 0x0000000705000000| Untracked 
|  29|0x0000000705100000, 0x0000000705100000, 0x0000000705200000|  0%| F|  |TAMS 0x0000000705100000, 0x0000000705100000| Untracked 
|  30|0x0000000705200000, 0x0000000705200000, 0x0000000705300000|  0%| F|  |TAMS 0x0000000705200000, 0x0000000705200000| Untracked 
|  31|0x0000000705300000, 0x0000000705300000, 0x0000000705400000|  0%| F|  |TAMS 0x0000000705300000, 0x0000000705300000| Untracked 
|  32|0x0000000705400000, 0x0000000705400000, 0x0000000705500000|  0%| F|  |TAMS 0x0000000705400000, 0x0000000705400000| Untracked 
|  33|0x0000000705500000, 0x0000000705500000, 0x0000000705600000|  0%| F|  |TAMS 0x0000000705500000, 0x0000000705500000| Untracked 
|  34|0x0000000705600000, 0x0000000705600000, 0x0000000705700000|  0%| F|  |TAMS 0x0000000705600000, 0x0000000705600000| Untracked 
|  35|0x0000000705700000, 0x0000000705700000, 0x0000000705800000|  0%| F|  |TAMS 0x0000000705700000, 0x0000000705700000| Untracked 
|  36|0x0000000705800000, 0x0000000705800000, 0x0000000705900000|  0%| F|  |TAMS 0x0000000705800000, 0x0000000705800000| Untracked 
|  37|0x0000000705900000, 0x0000000705900000, 0x0000000705a00000|  0%| F|  |TAMS 0x0000000705900000, 0x0000000705900000| Untracked 
|  38|0x0000000705a00000, 0x0000000705a00000, 0x0000000705b00000|  0%| F|  |TAMS 0x0000000705a00000, 0x0000000705a00000| Untracked 
|  39|0x0000000705b00000, 0x0000000705b00000, 0x0000000705c00000|  0%| F|  |TAMS 0x0000000705b00000, 0x0000000705b00000| Untracked 
|  40|0x0000000705c00000, 0x0000000705c00000, 0x0000000705d00000|  0%| F|  |TAMS 0x0000000705c00000, 0x0000000705c00000| Untracked 
|  41|0x0000000705d00000, 0x0000000705d00000, 0x0000000705e00000|  0%| F|  |TAMS 0x0000000705d00000, 0x0000000705d00000| Untracked 
|  42|0x0000000705e00000, 0x0000000705e00000, 0x0000000705f00000|  0%| F|  |TAMS 0x0000000705e00000, 0x0000000705e00000| Untracked 
|  43|0x0000000705f00000, 0x0000000705f00000, 0x0000000706000000|  0%| F|  |TAMS 0x0000000705f00000, 0x0000000705f00000| Untracked 
|  44|0x0000000706000000, 0x0000000706000000, 0x0000000706100000|  0%| F|  |TAMS 0x0000000706000000, 0x0000000706000000| Untracked 
|  45|0x0000000706100000, 0x0000000706100000, 0x0000000706200000|  0%| F|  |TAMS 0x0000000706100000, 0x0000000706100000| Untracked 
|  46|0x0000000706200000, 0x0000000706200000, 0x0000000706300000|  0%| F|  |TAMS 0x0000000706200000, 0x0000000706200000| Untracked 
|  47|0x0000000706300000, 0x0000000706300000, 0x0000000706400000|  0%| F|  |TAMS 0x0000000706300000, 0x0000000706300000| Untracked 
|  48|0x0000000706400000, 0x0000000706400000, 0x0000000706500000|  0%| F|  |TAMS 0x0000000706400000, 0x0000000706400000| Untracked 
|  49|0x0000000706500000, 0x0000000706500000, 0x0000000706600000|  0%| F|  |TAMS 0x0000000706500000, 0x0000000706500000| Untracked 
|  50|0x0000000706600000, 0x0000000706600000, 0x0000000706700000|  0%| F|  |TAMS 0x0000000706600000, 0x0000000706600000| Untracked 
|  51|0x0000000706700000, 0x0000000706700000, 0x0000000706800000|  0%| F|  |TAMS 0x0000000706700000, 0x0000000706700000| Untracked 
|  52|0x0000000706800000, 0x0000000706800000, 0x0000000706900000|  0%| F|  |TAMS 0x0000000706800000, 0x0000000706800000| Untracked 
|  53|0x0000000706900000, 0x0000000706900000, 0x0000000706a00000|  0%| F|  |TAMS 0x0000000706900000, 0x0000000706900000| Untracked 
|  54|0x0000000706a00000, 0x0000000706a00000, 0x0000000706b00000|  0%| F|  |TAMS 0x0000000706a00000, 0x0000000706a00000| Untracked 
|  55|0x0000000706b00000, 0x0000000706b00000, 0x0000000706c00000|  0%| F|  |TAMS 0x0000000706b00000, 0x0000000706b00000| Untracked 
|  56|0x0000000706c00000, 0x0000000706c00000, 0x0000000706d00000|  0%| F|  |TAMS 0x0000000706c00000, 0x0000000706c00000| Untracked 
|  57|0x0000000706d00000, 0x0000000706d00000, 0x0000000706e00000|  0%| F|  |TAMS 0x0000000706d00000, 0x0000000706d00000| Untracked 
|  58|0x0000000706e00000, 0x0000000706e00000, 0x0000000706f00000|  0%| F|  |TAMS 0x0000000706e00000, 0x0000000706e00000| Untracked 
|  59|0x0000000706f00000, 0x0000000706f00000, 0x0000000707000000|  0%| F|  |TAMS 0x0000000706f00000, 0x0000000706f00000| Untracked 
|  60|0x0000000707000000, 0x0000000707000000, 0x0000000707100000|  0%| F|  |TAMS 0x0000000707000000, 0x0000000707000000| Untracked 
|  61|0x0000000707100000, 0x0000000707100000, 0x0000000707200000|  0%| F|  |TAMS 0x0000000707100000, 0x0000000707100000| Untracked 
|  62|0x0000000707200000, 0x0000000707200000, 0x0000000707300000|  0%| F|  |TAMS 0x0000000707200000, 0x0000000707200000| Untracked 
|  63|0x0000000707300000, 0x0000000707300000, 0x0000000707400000|  0%| F|  |TAMS 0x0000000707300000, 0x0000000707300000| Untracked 
|  64|0x0000000707400000, 0x0000000707400000, 0x0000000707500000|  0%| F|  |TAMS 0x0000000707400000, 0x0000000707400000| Untracked 
|  65|0x0000000707500000, 0x0000000707500000, 0x0000000707600000|  0%| F|  |TAMS 0x0000000707500000, 0x0000000707500000| Untracked 
|  66|0x0000000707600000, 0x0000000707600000, 0x0000000707700000|  0%| F|  |TAMS 0x0000000707600000, 0x0000000707600000| Untracked 
|  67|0x0000000707700000, 0x0000000707700000, 0x0000000707800000|  0%| F|  |TAMS 0x0000000707700000, 0x0000000707700000| Untracked 
|  68|0x0000000707800000, 0x0000000707800000, 0x0000000707900000|  0%| F|  |TAMS 0x0000000707800000, 0x0000000707800000| Untracked 
|  69|0x0000000707900000, 0x0000000707900000, 0x0000000707a00000|  0%| F|  |TAMS 0x0000000707900000, 0x0000000707900000| Untracked 
|  70|0x0000000707a00000, 0x0000000707a00000, 0x0000000707b00000|  0%| F|  |TAMS 0x0000000707a00000, 0x0000000707a00000| Untracked 
|  71|0x0000000707b00000, 0x0000000707b00000, 0x0000000707c00000|  0%| F|  |TAMS 0x0000000707b00000, 0x0000000707b00000| Untracked 
|  72|0x0000000707c00000, 0x0000000707c00000, 0x0000000707d00000|  0%| F|  |TAMS 0x0000000707c00000, 0x0000000707c00000| Untracked 
|  73|0x0000000707d00000, 0x0000000707d00000, 0x0000000707e00000|  0%| F|  |TAMS 0x0000000707d00000, 0x0000000707d00000| Untracked 
|  74|0x0000000707e00000, 0x0000000707e00000, 0x0000000707f00000|  0%| F|  |TAMS 0x0000000707e00000, 0x0000000707e00000| Untracked 
|  75|0x0000000707f00000, 0x0000000707f00000, 0x0000000708000000|  0%| F|  |TAMS 0x0000000707f00000, 0x0000000707f00000| Untracked 
|  76|0x0000000708000000, 0x0000000708000000, 0x0000000708100000|  0%| F|  |TAMS 0x0000000708000000, 0x0000000708000000| Untracked 
|  77|0x0000000708100000, 0x0000000708100000, 0x0000000708200000|  0%| F|  |TAMS 0x0000000708100000, 0x0000000708100000| Untracked 
|  78|0x0000000708200000, 0x0000000708200000, 0x0000000708300000|  0%| F|  |TAMS 0x0000000708200000, 0x0000000708200000| Untracked 
|  79|0x0000000708300000, 0x0000000708300000, 0x0000000708400000|  0%| F|  |TAMS 0x0000000708300000, 0x0000000708300000| Untracked 
|  80|0x0000000708400000, 0x0000000708400000, 0x0000000708500000|  0%| F|  |TAMS 0x0000000708400000, 0x0000000708400000| Untracked 
|  81|0x0000000708500000, 0x0000000708500000, 0x0000000708600000|  0%| F|  |TAMS 0x0000000708500000, 0x0000000708500000| Untracked 
|  82|0x0000000708600000, 0x0000000708600000, 0x0000000708700000|  0%| F|  |TAMS 0x0000000708600000, 0x0000000708600000| Untracked 
|  83|0x0000000708700000, 0x0000000708700000, 0x0000000708800000|  0%| F|  |TAMS 0x0000000708700000, 0x0000000708700000| Untracked 
|  84|0x0000000708800000, 0x0000000708800000, 0x0000000708900000|  0%| F|  |TAMS 0x0000000708800000, 0x0000000708800000| Untracked 
|  85|0x0000000708900000, 0x0000000708900000, 0x0000000708a00000|  0%| F|  |TAMS 0x0000000708900000, 0x0000000708900000| Untracked 
|  86|0x0000000708a00000, 0x0000000708a00000, 0x0000000708b00000|  0%| F|  |TAMS 0x0000000708a00000, 0x0000000708a00000| Untracked 
|  87|0x0000000708b00000, 0x0000000708b00000, 0x0000000708c00000|  0%| F|  |TAMS 0x0000000708b00000, 0x0000000708b00000| Untracked 
|  88|0x0000000708c00000, 0x0000000708c00000, 0x0000000708d00000|  0%| F|  |TAMS 0x0000000708c00000, 0x0000000708c00000| Untracked 
|  89|0x0000000708d00000, 0x0000000708d00000, 0x0000000708e00000|  0%| F|  |TAMS 0x0000000708d00000, 0x0000000708d00000| Untracked 
|  90|0x0000000708e00000, 0x0000000708e00000, 0x0000000708f00000|  0%| F|  |TAMS 0x0000000708e00000, 0x0000000708e00000| Untracked 
|  91|0x0000000708f00000, 0x0000000708f00000, 0x0000000709000000|  0%| F|  |TAMS 0x0000000708f00000, 0x0000000708f00000| Untracked 
|  92|0x0000000709000000, 0x0000000709000000, 0x0000000709100000|  0%| F|  |TAMS 0x0000000709000000, 0x0000000709000000| Untracked 
|  93|0x0000000709100000, 0x0000000709100000, 0x0000000709200000|  0%| F|  |TAMS 0x0000000709100000, 0x0000000709100000| Untracked 
|  94|0x0000000709200000, 0x0000000709200000, 0x0000000709300000|  0%| F|  |TAMS 0x0000000709200000, 0x0000000709200000| Untracked 
|  95|0x0000000709300000, 0x0000000709300000, 0x0000000709400000|  0%| F|  |TAMS 0x0000000709300000, 0x0000000709300000| Untracked 
|  96|0x0000000709400000, 0x0000000709400000, 0x0000000709500000|  0%| F|  |TAMS 0x0000000709400000, 0x0000000709400000| Untracked 
|  97|0x0000000709500000, 0x0000000709500000, 0x0000000709600000|  0%| F|  |TAMS 0x0000000709500000, 0x0000000709500000| Untracked 
|  98|0x0000000709600000, 0x0000000709600000, 0x0000000709700000|  0%| F|  |TAMS 0x0000000709600000, 0x0000000709600000| Untracked 
|  99|0x0000000709700000, 0x0000000709700000, 0x0000000709800000|  0%| F|  |TAMS 0x0000000709700000, 0x0000000709700000| Untracked 
| 100|0x0000000709800000, 0x0000000709800000, 0x0000000709900000|  0%| F|  |TAMS 0x0000000709800000, 0x0000000709800000| Untracked 
| 101|0x0000000709900000, 0x0000000709900000, 0x0000000709a00000|  0%| F|  |TAMS 0x0000000709900000, 0x0000000709900000| Untracked 
| 102|0x0000000709a00000, 0x0000000709a00000, 0x0000000709b00000|  0%| F|  |TAMS 0x0000000709a00000, 0x0000000709a00000| Untracked 
| 103|0x0000000709b00000, 0x0000000709b00000, 0x0000000709c00000|  0%| F|  |TAMS 0x0000000709b00000, 0x0000000709b00000| Untracked 
| 104|0x0000000709c00000, 0x0000000709c00000, 0x0000000709d00000|  0%| F|  |TAMS 0x0000000709c00000, 0x0000000709c00000| Untracked 
| 105|0x0000000709d00000, 0x0000000709d00000, 0x0000000709e00000|  0%| F|  |TAMS 0x0000000709d00000, 0x0000000709d00000| Untracked 
| 106|0x0000000709e00000, 0x0000000709e00000, 0x0000000709f00000|  0%| F|  |TAMS 0x0000000709e00000, 0x0000000709e00000| Untracked 
| 107|0x0000000709f00000, 0x0000000709f00000, 0x000000070a000000|  0%| F|  |TAMS 0x0000000709f00000, 0x0000000709f00000| Untracked 
| 108|0x000000070a000000, 0x000000070a000000, 0x000000070a100000|  0%| F|  |TAMS 0x000000070a000000, 0x000000070a000000| Untracked 
| 109|0x000000070a100000, 0x000000070a100000, 0x000000070a200000|  0%| F|  |TAMS 0x000000070a100000, 0x000000070a100000| Untracked 
| 110|0x000000070a200000, 0x000000070a200000, 0x000000070a300000|  0%| F|  |TAMS 0x000000070a200000, 0x000000070a200000| Untracked 
| 111|0x000000070a300000, 0x000000070a300000, 0x000000070a400000|  0%| F|  |TAMS 0x000000070a300000, 0x000000070a300000| Untracked 
| 112|0x000000070a400000, 0x000000070a400000, 0x000000070a500000|  0%| F|  |TAMS 0x000000070a400000, 0x000000070a400000| Untracked 
| 113|0x000000070a500000, 0x000000070a500000, 0x000000070a600000|  0%| F|  |TAMS 0x000000070a500000, 0x000000070a500000| Untracked 
| 114|0x000000070a600000, 0x000000070a600000, 0x000000070a700000|  0%| F|  |TAMS 0x000000070a600000, 0x000000070a600000| Untracked 
| 115|0x000000070a700000, 0x000000070a700000, 0x000000070a800000|  0%| F|  |TAMS 0x000000070a700000, 0x000000070a700000| Untracked 
| 116|0x000000070a800000, 0x000000070a800000, 0x000000070a900000|  0%| F|  |TAMS 0x000000070a800000, 0x000000070a800000| Untracked 
| 117|0x000000070a900000, 0x000000070a900000, 0x000000070aa00000|  0%| F|  |TAMS 0x000000070a900000, 0x000000070a900000| Untracked 
| 118|0x000000070aa00000, 0x000000070aa00000, 0x000000070ab00000|  0%| F|  |TAMS 0x000000070aa00000, 0x000000070aa00000| Untracked 
| 119|0x000000070ab00000, 0x000000070ab00000, 0x000000070ac00000|  0%| F|  |TAMS 0x000000070ab00000, 0x000000070ab00000| Untracked 
| 120|0x000000070ac00000, 0x000000070ac00000, 0x000000070ad00000|  0%| F|  |TAMS 0x000000070ac00000, 0x000000070ac00000| Untracked 
| 121|0x000000070ad00000, 0x000000070ad00000, 0x000000070ae00000|  0%| F|  |TAMS 0x000000070ad00000, 0x000000070ad00000| Untracked 
| 122|0x000000070ae00000, 0x000000070ae00000, 0x000000070af00000|  0%| F|  |TAMS 0x000000070ae00000, 0x000000070ae00000| Untracked 
| 123|0x000000070af00000, 0x000000070af00000, 0x000000070b000000|  0%| F|  |TAMS 0x000000070af00000, 0x000000070af00000| Untracked 
| 124|0x000000070b000000, 0x000000070b000000, 0x000000070b100000|  0%| F|  |TAMS 0x000000070b000000, 0x000000070b000000| Untracked 
| 125|0x000000070b100000, 0x000000070b100000, 0x000000070b200000|  0%| F|  |TAMS 0x000000070b100000, 0x000000070b100000| Untracked 
| 126|0x000000070b200000, 0x000000070b200000, 0x000000070b300000|  0%| F|  |TAMS 0x000000070b200000, 0x000000070b200000| Untracked 
| 127|0x000000070b300000, 0x000000070b300000, 0x000000070b400000|  0%| F|  |TAMS 0x000000070b300000, 0x000000070b300000| Untracked 
| 128|0x000000070b400000, 0x000000070b400000, 0x000000070b500000|  0%| F|  |TAMS 0x000000070b400000, 0x000000070b400000| Untracked 
| 129|0x000000070b500000, 0x000000070b500000, 0x000000070b600000|  0%| F|  |TAMS 0x000000070b500000, 0x000000070b500000| Untracked 
| 130|0x000000070b600000, 0x000000070b600000, 0x000000070b700000|  0%| F|  |TAMS 0x000000070b600000, 0x000000070b600000| Untracked 
| 131|0x000000070b700000, 0x000000070b700000, 0x000000070b800000|  0%| F|  |TAMS 0x000000070b700000, 0x000000070b700000| Untracked 
| 132|0x000000070b800000, 0x000000070b800000, 0x000000070b900000|  0%| F|  |TAMS 0x000000070b800000, 0x000000070b800000| Untracked 
| 133|0x000000070b900000, 0x000000070b900000, 0x000000070ba00000|  0%| F|  |TAMS 0x000000070b900000, 0x000000070b900000| Untracked 
| 134|0x000000070ba00000, 0x000000070ba00000, 0x000000070bb00000|  0%| F|  |TAMS 0x000000070ba00000, 0x000000070ba00000| Untracked 
| 135|0x000000070bb00000, 0x000000070bb00000, 0x000000070bc00000|  0%| F|  |TAMS 0x000000070bb00000, 0x000000070bb00000| Untracked 
| 136|0x000000070bc00000, 0x000000070bc00000, 0x000000070bd00000|  0%| F|  |TAMS 0x000000070bc00000, 0x000000070bc00000| Untracked 
| 137|0x000000070bd00000, 0x000000070bd00000, 0x000000070be00000|  0%| F|  |TAMS 0x000000070bd00000, 0x000000070bd00000| Untracked 
| 138|0x000000070be00000, 0x000000070be00000, 0x000000070bf00000|  0%| F|  |TAMS 0x000000070be00000, 0x000000070be00000| Untracked 
| 139|0x000000070bf00000, 0x000000070bf00000, 0x000000070c000000|  0%| F|  |TAMS 0x000000070bf00000, 0x000000070bf00000| Untracked 
| 140|0x000000070c000000, 0x000000070c000000, 0x000000070c100000|  0%| F|  |TAMS 0x000000070c000000, 0x000000070c000000| Untracked 
| 141|0x000000070c100000, 0x000000070c100000, 0x000000070c200000|  0%| F|  |TAMS 0x000000070c100000, 0x000000070c100000| Untracked 
| 142|0x000000070c200000, 0x000000070c200000, 0x000000070c300000|  0%| F|  |TAMS 0x000000070c200000, 0x000000070c200000| Untracked 
| 143|0x000000070c300000, 0x000000070c300000, 0x000000070c400000|  0%| F|  |TAMS 0x000000070c300000, 0x000000070c300000| Untracked 
| 144|0x000000070c400000, 0x000000070c400000, 0x000000070c500000|  0%| F|  |TAMS 0x000000070c400000, 0x000000070c400000| Untracked 
| 145|0x000000070c500000, 0x000000070c500000, 0x000000070c600000|  0%| F|  |TAMS 0x000000070c500000, 0x000000070c500000| Untracked 
| 146|0x000000070c600000, 0x000000070c600000, 0x000000070c700000|  0%| F|  |TAMS 0x000000070c600000, 0x000000070c600000| Untracked 
| 147|0x000000070c700000, 0x000000070c700000, 0x000000070c800000|  0%| F|  |TAMS 0x000000070c700000, 0x000000070c700000| Untracked 
| 148|0x000000070c800000, 0x000000070c800000, 0x000000070c900000|  0%| F|  |TAMS 0x000000070c800000, 0x000000070c800000| Untracked 
| 149|0x000000070c900000, 0x000000070c900000, 0x000000070ca00000|  0%| F|  |TAMS 0x000000070c900000, 0x000000070c900000| Untracked 
| 150|0x000000070ca00000, 0x000000070ca00000, 0x000000070cb00000|  0%| F|  |TAMS 0x000000070ca00000, 0x000000070ca00000| Untracked 
| 151|0x000000070cb00000, 0x000000070cb00000, 0x000000070cc00000|  0%| F|  |TAMS 0x000000070cb00000, 0x000000070cb00000| Untracked 
| 152|0x000000070cc00000, 0x000000070cc00000, 0x000000070cd00000|  0%| F|  |TAMS 0x000000070cc00000, 0x000000070cc00000| Untracked 
| 153|0x000000070cd00000, 0x000000070cd00000, 0x000000070ce00000|  0%| F|  |TAMS 0x000000070cd00000, 0x000000070cd00000| Untracked 
| 154|0x000000070ce00000, 0x000000070ce00000, 0x000000070cf00000|  0%| F|  |TAMS 0x000000070ce00000, 0x000000070ce00000| Untracked 
| 155|0x000000070cf00000, 0x000000070cf00000, 0x000000070d000000|  0%| F|  |TAMS 0x000000070cf00000, 0x000000070cf00000| Untracked 
| 156|0x000000070d000000, 0x000000070d000000, 0x000000070d100000|  0%| F|  |TAMS 0x000000070d000000, 0x000000070d000000| Untracked 
| 157|0x000000070d100000, 0x000000070d100000, 0x000000070d200000|  0%| F|  |TAMS 0x000000070d100000, 0x000000070d100000| Untracked 
| 158|0x000000070d200000, 0x000000070d200000, 0x000000070d300000|  0%| F|  |TAMS 0x000000070d200000, 0x000000070d200000| Untracked 
| 159|0x000000070d300000, 0x000000070d300000, 0x000000070d400000|  0%| F|  |TAMS 0x000000070d300000, 0x000000070d300000| Untracked 
| 160|0x000000070d400000, 0x000000070d400000, 0x000000070d500000|  0%| F|  |TAMS 0x000000070d400000, 0x000000070d400000| Untracked 
| 161|0x000000070d500000, 0x000000070d500000, 0x000000070d600000|  0%| F|  |TAMS 0x000000070d500000, 0x000000070d500000| Untracked 
| 162|0x000000070d600000, 0x000000070d600000, 0x000000070d700000|  0%| F|  |TAMS 0x000000070d600000, 0x000000070d600000| Untracked 
| 163|0x000000070d700000, 0x000000070d700000, 0x000000070d800000|  0%| F|  |TAMS 0x000000070d700000, 0x000000070d700000| Untracked 
| 164|0x000000070d800000, 0x000000070d800000, 0x000000070d900000|  0%| F|  |TAMS 0x000000070d800000, 0x000000070d800000| Untracked 
| 165|0x000000070d900000, 0x000000070d900000, 0x000000070da00000|  0%| F|  |TAMS 0x000000070d900000, 0x000000070d900000| Untracked 
| 166|0x000000070da00000, 0x000000070da00000, 0x000000070db00000|  0%| F|  |TAMS 0x000000070da00000, 0x000000070da00000| Untracked 
| 167|0x000000070db00000, 0x000000070db00000, 0x000000070dc00000|  0%| F|  |TAMS 0x000000070db00000, 0x000000070db00000| Untracked 
| 168|0x000000070dc00000, 0x000000070dc00000, 0x000000070dd00000|  0%| F|  |TAMS 0x000000070dc00000, 0x000000070dc00000| Untracked 
| 169|0x000000070dd00000, 0x000000070dd00000, 0x000000070de00000|  0%| F|  |TAMS 0x000000070dd00000, 0x000000070dd00000| Untracked 
| 170|0x000000070de00000, 0x000000070de00000, 0x000000070df00000|  0%| F|  |TAMS 0x000000070de00000, 0x000000070de00000| Untracked 
| 171|0x000000070df00000, 0x000000070df00000, 0x000000070e000000|  0%| F|  |TAMS 0x000000070df00000, 0x000000070df00000| Untracked 
| 172|0x000000070e000000, 0x000000070e000000, 0x000000070e100000|  0%| F|  |TAMS 0x000000070e000000, 0x000000070e000000| Untracked 
| 173|0x000000070e100000, 0x000000070e100000, 0x000000070e200000|  0%| F|  |TAMS 0x000000070e100000, 0x000000070e100000| Untracked 
| 174|0x000000070e200000, 0x000000070e200000, 0x000000070e300000|  0%| F|  |TAMS 0x000000070e200000, 0x000000070e200000| Untracked 
| 175|0x000000070e300000, 0x000000070e300000, 0x000000070e400000|  0%| F|  |TAMS 0x000000070e300000, 0x000000070e300000| Untracked 
| 176|0x000000070e400000, 0x000000070e400000, 0x000000070e500000|  0%| F|  |TAMS 0x000000070e400000, 0x000000070e400000| Untracked 
| 177|0x000000070e500000, 0x000000070e500000, 0x000000070e600000|  0%| F|  |TAMS 0x000000070e500000, 0x000000070e500000| Untracked 
| 178|0x000000070e600000, 0x000000070e600000, 0x000000070e700000|  0%| F|  |TAMS 0x000000070e600000, 0x000000070e600000| Untracked 
| 179|0x000000070e700000, 0x000000070e700000, 0x000000070e800000|  0%| F|  |TAMS 0x000000070e700000, 0x000000070e700000| Untracked 
| 180|0x000000070e800000, 0x000000070e800000, 0x000000070e900000|  0%| F|  |TAMS 0x000000070e800000, 0x000000070e800000| Untracked 
| 181|0x000000070e900000, 0x000000070e900000, 0x000000070ea00000|  0%| F|  |TAMS 0x000000070e900000, 0x000000070e900000| Untracked 
| 182|0x000000070ea00000, 0x000000070ea00000, 0x000000070eb00000|  0%| F|  |TAMS 0x000000070ea00000, 0x000000070ea00000| Untracked 
| 183|0x000000070eb00000, 0x000000070eb00000, 0x000000070ec00000|  0%| F|  |TAMS 0x000000070eb00000, 0x000000070eb00000| Untracked 
| 184|0x000000070ec00000, 0x000000070ec00000, 0x000000070ed00000|  0%| F|  |TAMS 0x000000070ec00000, 0x000000070ec00000| Untracked 
| 185|0x000000070ed00000, 0x000000070ed00000, 0x000000070ee00000|  0%| F|  |TAMS 0x000000070ed00000, 0x000000070ed00000| Untracked 
| 186|0x000000070ee00000, 0x000000070ee00000, 0x000000070ef00000|  0%| F|  |TAMS 0x000000070ee00000, 0x000000070ee00000| Untracked 
| 187|0x000000070ef00000, 0x000000070ef00000, 0x000000070f000000|  0%| F|  |TAMS 0x000000070ef00000, 0x000000070ef00000| Untracked 
| 188|0x000000070f000000, 0x000000070f000000, 0x000000070f100000|  0%| F|  |TAMS 0x000000070f000000, 0x000000070f000000| Untracked 
| 189|0x000000070f100000, 0x000000070f100000, 0x000000070f200000|  0%| F|  |TAMS 0x000000070f100000, 0x000000070f100000| Untracked 
| 190|0x000000070f200000, 0x000000070f200000, 0x000000070f300000|  0%| F|  |TAMS 0x000000070f200000, 0x000000070f200000| Untracked 
| 191|0x000000070f300000, 0x000000070f300000, 0x000000070f400000|  0%| F|  |TAMS 0x000000070f300000, 0x000000070f300000| Untracked 
| 192|0x000000070f400000, 0x000000070f400000, 0x000000070f500000|  0%| F|  |TAMS 0x000000070f400000, 0x000000070f400000| Untracked 
| 193|0x000000070f500000, 0x000000070f500000, 0x000000070f600000|  0%| F|  |TAMS 0x000000070f500000, 0x000000070f500000| Untracked 
| 194|0x000000070f600000, 0x000000070f600000, 0x000000070f700000|  0%| F|  |TAMS 0x000000070f600000, 0x000000070f600000| Untracked 
| 195|0x000000070f700000, 0x000000070f700000, 0x000000070f800000|  0%| F|  |TAMS 0x000000070f700000, 0x000000070f700000| Untracked 
| 196|0x000000070f800000, 0x000000070f800000, 0x000000070f900000|  0%| F|  |TAMS 0x000000070f800000, 0x000000070f800000| Untracked 
| 197|0x000000070f900000, 0x000000070f900000, 0x000000070fa00000|  0%| F|  |TAMS 0x000000070f900000, 0x000000070f900000| Untracked 
| 198|0x000000070fa00000, 0x000000070fa00000, 0x000000070fb00000|  0%| F|  |TAMS 0x000000070fa00000, 0x000000070fa00000| Untracked 
| 199|0x000000070fb00000, 0x000000070fb00000, 0x000000070fc00000|  0%| F|  |TAMS 0x000000070fb00000, 0x000000070fb00000| Untracked 
| 200|0x000000070fc00000, 0x000000070fc00000, 0x000000070fd00000|  0%| F|  |TAMS 0x000000070fc00000, 0x000000070fc00000| Untracked 
| 201|0x000000070fd00000, 0x000000070fd00000, 0x000000070fe00000|  0%| F|  |TAMS 0x000000070fd00000, 0x000000070fd00000| Untracked 
| 202|0x000000070fe00000, 0x000000070fe00000, 0x000000070ff00000|  0%| F|  |TAMS 0x000000070fe00000, 0x000000070fe00000| Untracked 
| 203|0x000000070ff00000, 0x000000070ff00000, 0x0000000710000000|  0%| F|  |TAMS 0x000000070ff00000, 0x000000070ff00000| Untracked 
| 204|0x0000000710000000, 0x000000071004fb48, 0x0000000710100000| 31%| S|CS|TAMS 0x0000000710000000, 0x0000000710000000| Complete 
| 205|0x0000000710100000, 0x0000000710200000, 0x0000000710200000|100%| S|CS|TAMS 0x0000000710100000, 0x0000000710100000| Complete 
| 206|0x0000000710200000, 0x0000000710300000, 0x0000000710300000|100%| S|CS|TAMS 0x0000000710200000, 0x0000000710200000| Complete 
| 207|0x0000000710300000, 0x0000000710400000, 0x0000000710400000|100%| S|CS|TAMS 0x0000000710300000, 0x0000000710300000| Complete 
| 208|0x0000000710400000, 0x0000000710500000, 0x0000000710500000|100%| S|CS|TAMS 0x0000000710400000, 0x0000000710400000| Complete 
| 209|0x0000000710500000, 0x0000000710600000, 0x0000000710600000|100%| S|CS|TAMS 0x0000000710500000, 0x0000000710500000| Complete 
| 210|0x0000000710600000, 0x0000000710600000, 0x0000000710700000|  0%| F|  |TAMS 0x0000000710600000, 0x0000000710600000| Untracked 
| 211|0x0000000710700000, 0x0000000710700000, 0x0000000710800000|  0%| F|  |TAMS 0x0000000710700000, 0x0000000710700000| Untracked 
| 212|0x0000000710800000, 0x0000000710800000, 0x0000000710900000|  0%| F|  |TAMS 0x0000000710800000, 0x0000000710800000| Untracked 
| 213|0x0000000710900000, 0x0000000710900000, 0x0000000710a00000|  0%| F|  |TAMS 0x0000000710900000, 0x0000000710900000| Untracked 
| 214|0x0000000710a00000, 0x0000000710a00000, 0x0000000710b00000|  0%| F|  |TAMS 0x0000000710a00000, 0x0000000710a00000| Untracked 
| 215|0x0000000710b00000, 0x0000000710b00000, 0x0000000710c00000|  0%| F|  |TAMS 0x0000000710b00000, 0x0000000710b00000| Untracked 
| 216|0x0000000710c00000, 0x0000000710c00000, 0x0000000710d00000|  0%| F|  |TAMS 0x0000000710c00000, 0x0000000710c00000| Untracked 
| 217|0x0000000710d00000, 0x0000000710d00000, 0x0000000710e00000|  0%| F|  |TAMS 0x0000000710d00000, 0x0000000710d00000| Untracked 
| 218|0x0000000710e00000, 0x0000000710e00000, 0x0000000710f00000|  0%| F|  |TAMS 0x0000000710e00000, 0x0000000710e00000| Untracked 
| 219|0x0000000710f00000, 0x0000000710f00000, 0x0000000711000000|  0%| F|  |TAMS 0x0000000710f00000, 0x0000000710f00000| Untracked 
| 220|0x0000000711000000, 0x0000000711000000, 0x0000000711100000|  0%| F|  |TAMS 0x0000000711000000, 0x0000000711000000| Untracked 
| 221|0x0000000711100000, 0x0000000711100000, 0x0000000711200000|  0%| F|  |TAMS 0x0000000711100000, 0x0000000711100000| Untracked 
| 222|0x0000000711200000, 0x0000000711200000, 0x0000000711300000|  0%| F|  |TAMS 0x0000000711200000, 0x0000000711200000| Untracked 
| 223|0x0000000711300000, 0x0000000711300000, 0x0000000711400000|  0%| F|  |TAMS 0x0000000711300000, 0x0000000711300000| Untracked 
| 224|0x0000000711400000, 0x0000000711400000, 0x0000000711500000|  0%| F|  |TAMS 0x0000000711400000, 0x0000000711400000| Untracked 
| 225|0x0000000711500000, 0x0000000711500000, 0x0000000711600000|  0%| F|  |TAMS 0x0000000711500000, 0x0000000711500000| Untracked 
| 226|0x0000000711600000, 0x0000000711600000, 0x0000000711700000|  0%| F|  |TAMS 0x0000000711600000, 0x0000000711600000| Untracked 
| 227|0x0000000711700000, 0x0000000711700000, 0x0000000711800000|  0%| F|  |TAMS 0x0000000711700000, 0x0000000711700000| Untracked 
| 228|0x0000000711800000, 0x0000000711800000, 0x0000000711900000|  0%| F|  |TAMS 0x0000000711800000, 0x0000000711800000| Untracked 
| 229|0x0000000711900000, 0x0000000711900000, 0x0000000711a00000|  0%| F|  |TAMS 0x0000000711900000, 0x0000000711900000| Untracked 
| 230|0x0000000711a00000, 0x0000000711a00000, 0x0000000711b00000|  0%| F|  |TAMS 0x0000000711a00000, 0x0000000711a00000| Untracked 
| 231|0x0000000711b00000, 0x0000000711b00000, 0x0000000711c00000|  0%| F|  |TAMS 0x0000000711b00000, 0x0000000711b00000| Untracked 
| 232|0x0000000711c00000, 0x0000000711c00000, 0x0000000711d00000|  0%| F|  |TAMS 0x0000000711c00000, 0x0000000711c00000| Untracked 
| 233|0x0000000711d00000, 0x0000000711d00000, 0x0000000711e00000|  0%| F|  |TAMS 0x0000000711d00000, 0x0000000711d00000| Untracked 
| 234|0x0000000711e00000, 0x0000000711e00000, 0x0000000711f00000|  0%| F|  |TAMS 0x0000000711e00000, 0x0000000711e00000| Untracked 
| 235|0x0000000711f00000, 0x0000000711f00000, 0x0000000712000000|  0%| F|  |TAMS 0x0000000711f00000, 0x0000000711f00000| Untracked 
| 236|0x0000000712000000, 0x0000000712000000, 0x0000000712100000|  0%| F|  |TAMS 0x0000000712000000, 0x0000000712000000| Untracked 
| 237|0x0000000712100000, 0x0000000712100000, 0x0000000712200000|  0%| F|  |TAMS 0x0000000712100000, 0x0000000712100000| Untracked 
| 238|0x0000000712200000, 0x0000000712200000, 0x0000000712300000|  0%| F|  |TAMS 0x0000000712200000, 0x0000000712200000| Untracked 
| 239|0x0000000712300000, 0x0000000712300000, 0x0000000712400000|  0%| F|  |TAMS 0x0000000712300000, 0x0000000712300000| Untracked 
| 240|0x0000000712400000, 0x0000000712400000, 0x0000000712500000|  0%| F|  |TAMS 0x0000000712400000, 0x0000000712400000| Untracked 
| 241|0x0000000712500000, 0x0000000712500000, 0x0000000712600000|  0%| F|  |TAMS 0x0000000712500000, 0x0000000712500000| Untracked 
| 242|0x0000000712600000, 0x0000000712600000, 0x0000000712700000|  0%| F|  |TAMS 0x0000000712600000, 0x0000000712600000| Untracked 
| 243|0x0000000712700000, 0x0000000712700000, 0x0000000712800000|  0%| F|  |TAMS 0x0000000712700000, 0x0000000712700000| Untracked 
| 244|0x0000000712800000, 0x0000000712800000, 0x0000000712900000|  0%| F|  |TAMS 0x0000000712800000, 0x0000000712800000| Untracked 
| 245|0x0000000712900000, 0x0000000712900000, 0x0000000712a00000|  0%| F|  |TAMS 0x0000000712900000, 0x0000000712900000| Untracked 
| 246|0x0000000712a00000, 0x0000000712a00000, 0x0000000712b00000|  0%| F|  |TAMS 0x0000000712a00000, 0x0000000712a00000| Untracked 
| 247|0x0000000712b00000, 0x0000000712b00000, 0x0000000712c00000|  0%| F|  |TAMS 0x0000000712b00000, 0x0000000712b00000| Untracked 
| 248|0x0000000712c00000, 0x0000000712c00000, 0x0000000712d00000|  0%| F|  |TAMS 0x0000000712c00000, 0x0000000712c00000| Untracked 
| 249|0x0000000712d00000, 0x0000000712d00000, 0x0000000712e00000|  0%| F|  |TAMS 0x0000000712d00000, 0x0000000712d00000| Untracked 
| 250|0x0000000712e00000, 0x0000000712e00000, 0x0000000712f00000|  0%| F|  |TAMS 0x0000000712e00000, 0x0000000712e00000| Untracked 
| 251|0x0000000712f00000, 0x0000000712f80800, 0x0000000713000000| 50%| E|  |TAMS 0x0000000712f00000, 0x0000000712f00000| Complete 
| 252|0x0000000713000000, 0x0000000713100000, 0x0000000713100000|100%| E|CS|TAMS 0x0000000713000000, 0x0000000713000000| Complete 
| 253|0x0000000713100000, 0x0000000713200000, 0x0000000713200000|100%| E|CS|TAMS 0x0000000713100000, 0x0000000713100000| Complete 

Card table byte_map: [0x0000021150200000,0x00000211509f0000] _byte_map_base: 0x000002114c9e6000

Marking Bits (Prev, Next): (CMBitMap*) 0x00000211371002a0, (CMBitMap*) 0x0000021137100268
 Prev Bits: [0x0000021155110000, 0x0000021159040000)
 Next Bits: [0x00000211511e0000, 0x0000021155110000)

Polling page: 0x0000021137170000

Metaspace:

Usage:
  Non-class:     25.48 MB capacity,    24.89 MB ( 98%) used,   500.28 KB (  2%) free+waste,   108.06 KB ( <1%) overhead. 
      Class:      3.65 MB capacity,     3.22 MB ( 88%) used,   388.95 KB ( 10%) free+waste,    56.00 KB (  1%) overhead. 
       Both:     29.14 MB capacity,    28.11 MB ( 96%) used,   889.23 KB (  3%) free+waste,   164.06 KB ( <1%) overhead. 

Virtual space:
  Non-class space:       26.00 MB reserved,      25.50 MB ( 98%) committed 
      Class space:        1.00 GB reserved,       3.75 MB ( <1%) committed 
             Both:        1.03 GB reserved,      29.25 MB (  3%) committed 

Chunk freelists:
   Non-Class:  2.12 KB
       Class:  512 bytes
        Both:  2.62 KB

CodeHeap 'non-profiled nmethods': size=120000Kb used=915Kb max_used=915Kb free=119084Kb
 bounds [0x0000021147a70000, 0x0000021147ce0000, 0x000002114efa0000]
CodeHeap 'profiled nmethods': size=120000Kb used=4611Kb max_used=4611Kb free=115388Kb
 bounds [0x0000021140540000, 0x00000211409d0000, 0x0000021147a70000]
CodeHeap 'non-nmethods': size=5760Kb used=1220Kb max_used=1231Kb free=4539Kb
 bounds [0x000002113ffa0000, 0x0000021140210000, 0x0000021140540000]
 total_blobs=2840 nmethods=2270 adapters=481
 compilation: enabled
              stopped_count=0, restarted_count=0
 full_count=0

Compilation events (10 events):
Event: 12.564 Thread 0x000002115c4cb800 2276       3       java.lang.reflect.ProxyGenerator::getParameterDescriptors (47 bytes)
Event: 12.565 Thread 0x000002115c4cb800 nmethod 2276 0x00000211409bcb10 code [0x00000211409bcd80, 0x00000211409bd768]
Event: 12.565 Thread 0x000002115c4cb800 2277       3       java.lang.reflect.ProxyGenerator::code_aload (11 bytes)
Event: 12.566 Thread 0x000002115c4cb800 nmethod 2277 0x00000211409bdb10 code [0x00000211409bdcc0, 0x00000211409bde08]
Event: 12.593 Thread 0x000002115c4cb800 2278       3       jdk.internal.loader.URLClassPath$JarLoader::validIndex (94 bytes)
Event: 12.599 Thread 0x000002115c4cb800 nmethod 2278 0x00000211409bde90 code [0x00000211409be1c0, 0x00000211409bf548]
Event: 12.599 Thread 0x000002115c4cb800 2279       3       java.util.LinkedList::toArray (81 bytes)
Event: 12.601 Thread 0x000002115c4cb800 nmethod 2279 0x00000211409bfc10 code [0x00000211409bfe20, 0x00000211409c06b8]
Event: 12.601 Thread 0x000002115c4cb800 2280       3       java.util.zip.ZipFile$ZipEntryIterator::<init> (25 bytes)
Event: 12.602 Thread 0x000002115c4cb800 nmethod 2280 0x00000211409c0990 code [0x00000211409c0b40, 0x00000211409c0d78]

GC Heap History (6 events):
Event: 3.794 GC heap before
{Heap before GC invocations=0 (full 0):
 garbage-first heap   total 260096K, used 23552K [0x0000000703400000, 0x0000000800000000)
  region size 1024K, 24 young (24576K), 0 survivors (0K)
 Metaspace       used 13559K, capacity 13882K, committed 14080K, reserved 1062912K
  class space    used 1363K, capacity 1490K, committed 1536K, reserved 1048576K
}
Event: 3.806 GC heap after
{Heap after GC invocations=1 (full 0):
 garbage-first heap   total 260096K, used 6860K [0x0000000703400000, 0x0000000800000000)
  region size 1024K, 3 young (3072K), 3 survivors (3072K)
 Metaspace       used 13559K, capacity 13882K, committed 14080K, reserved 1062912K
  class space    used 1363K, capacity 1490K, committed 1536K, reserved 1048576K
}
Event: 9.600 GC heap before
{Heap before GC invocations=1 (full 0):
 garbage-first heap   total 260096K, used 41676K [0x0000000703400000, 0x0000000800000000)
  region size 1024K, 38 young (38912K), 3 survivors (3072K)
 Metaspace       used 20366K, capacity 21062K, committed 21248K, reserved 1069056K
  class space    used 2247K, capacity 2531K, committed 2560K, reserved 1048576K
}
Event: 9.615 GC heap after
{Heap after GC invocations=2 (full 0):
 garbage-first heap   total 260096K, used 9117K [0x0000000703400000, 0x0000000800000000)
  region size 1024K, 6 young (6144K), 6 survivors (6144K)
 Metaspace       used 20366K, capacity 21062K, committed 21248K, reserved 1069056K
  class space    used 2247K, capacity 2531K, committed 2560K, reserved 1048576K
}
Event: 12.501 GC heap before
{Heap before GC invocations=3 (full 0):
 garbage-first heap   total 260096K, used 48029K [0x0000000703400000, 0x0000000800000000)
  region size 1024K, 44 young (45056K), 6 survivors (6144K)
 Metaspace       used 28565K, capacity 29514K, committed 29568K, reserved 1075200K
  class space    used 3263K, capacity 3676K, committed 3712K, reserved 1048576K
}
Event: 12.518 GC heap after
{Heap after GC invocations=4 (full 0):
 garbage-first heap   total 260096K, used 12173K [0x0000000703400000, 0x0000000800000000)
  region size 1024K, 6 young (6144K), 6 survivors (6144K)
 Metaspace       used 28565K, capacity 29514K, committed 29568K, reserved 1075200K
  class space    used 3263K, capacity 3676K, committed 3712K, reserved 1048576K
}

Deoptimization events (10 events):
Event: 4.119 Thread 0x000002113709e800 Uncommon trap: reason=unstable_if action=reinterpret pc=0x0000021147a939a0 method=java.lang.StringLatin1.canEncode(I)Z @ 4 c2
Event: 4.120 Thread 0x000002113709e800 Uncommon trap: reason=unstable_if action=reinterpret pc=0x0000021147a96a88 method=java.lang.AbstractStringBuilder.isLatin1()Z @ 10 c2
Event: 4.304 Thread 0x000002113709e800 Uncommon trap: reason=intrinsic_or_type_checked_inlining action=make_not_entrant pc=0x0000021147aed15c method=java.util.Arrays.copyOf([Ljava/lang/Object;ILjava/lang/Class;)[Ljava/lang/Object; @ 35 c2
Event: 4.393 Thread 0x000002113709e800 Uncommon trap: reason=unstable_if action=reinterpret pc=0x0000021147ade87c method=jdk.internal.org.objectweb.asm.Frame.execute(IILjdk/internal/org/objectweb/asm/ClassWriter;Ljdk/internal/org/objectweb/asm/Item;)V @ 1 c2
Event: 8.788 Thread 0x000002113709e800 Uncommon trap: reason=unstable_if action=reinterpret pc=0x0000021147aff658 method=java.lang.String.replace(CC)Ljava/lang/String; @ 2 c2
Event: 9.267 Thread 0x000002113709e800 Uncommon trap: reason=unstable_if action=reinterpret pc=0x0000021147ad95fc method=java.util.jar.JarFile.getVersionedEntry(Ljava/lang/String;Ljava/util/jar/JarEntry;)Ljava/util/jar/JarEntry; @ 7 c2
Event: 9.665 Thread 0x000002113709e800 Uncommon trap: reason=unstable_if action=reinterpret pc=0x0000021147ae3760 method=java.lang.Integer.stringSize(I)I @ 3 c2
Event: 9.855 Thread 0x000002113709e800 Uncommon trap: reason=bimorphic_or_optimized_type_check action=maybe_recompile pc=0x0000021147aa6ee4 method=java.util.HashMap.putVal(ILjava/lang/Object;Ljava/lang/Object;ZZ)Ljava/lang/Object; @ 203 c2
Event: 9.857 Thread 0x000002113709e800 Uncommon trap: reason=bimorphic_or_optimized_type_check action=maybe_recompile pc=0x0000021147aa6ee4 method=java.util.HashMap.putVal(ILjava/lang/Object;Ljava/lang/Object;ZZ)Ljava/lang/Object; @ 203 c2
Event: 10.929 Thread 0x000002113709e800 Uncommon trap: reason=unstable_if action=reinterpret pc=0x0000021147ac7d10 method=jdk.internal.org.objectweb.asm.Type.getArgumentsAndReturnSizes(Ljava/lang/String;)I @ 41 c2

Classes redefined (0 events):
No events

Internal exceptions (10 events):
Event: 10.871 Thread 0x000002113709e800 Exception <a 'java/lang/IncompatibleClassChangeError'{0x0000000711abb360}: Found class java.lang.Object, but interface was expected> (0x0000000711abb360) thrown at [./open/src/hotspot/share/interpreter/linkResolver.cpp, line 838]
Event: 10.876 Thread 0x000002113709e800 Exception <a 'java/lang/NoSuchMethodError'{0x0000000711ac37c0}: java.lang.invoke.DirectMethodHandle$Holder.invokeSpecialIFC(Ljava/lang/Object;Ljava/lang/Object;Ljava/lang/Object;Ljava/lang/Object;)I> (0x0000000711ac37c0) thrown at [./open/src/hotspot/shar
Event: 10.929 Thread 0x000002113709e800 Exception <a 'java/lang/NoSuchMethodError'{0x00000007119d7498}: java.lang.invoke.DirectMethodHandle$Holder.invokeVirtual(Ljava/lang/Object;Ljava/lang/Object;)D> (0x00000007119d7498) thrown at [./open/src/hotspot/share/interpreter/linkResolver.cpp, line 77
Event: 10.931 Thread 0x000002113709e800 Exception <a 'java/lang/NoSuchMethodError'{0x00000007119dd4f8}: java.lang.invoke.DirectMethodHandle$Holder.invokeVirtual(Ljava/lang/Object;Ljava/lang/Object;)F> (0x00000007119dd4f8) thrown at [./open/src/hotspot/share/interpreter/linkResolver.cpp, line 77
Event: 10.932 Thread 0x000002113709e800 Exception <a 'java/lang/NoSuchMethodError'{0x00000007119e5c38}: java.lang.invoke.DirectMethodHandle$Holder.invokeVirtual(Ljava/lang/Object;Ljava/lang/Object;)J> (0x00000007119e5c38) thrown at [./open/src/hotspot/share/interpreter/linkResolver.cpp, line 77
Event: 11.022 Thread 0x000002113709e800 Exception <a 'java/lang/NoSuchMethodError'{0x00000007117d1aa0}: java.lang.invoke.Invokers$Holder.linkToTargetMethod(Ljava/lang/Object;IILjava/lang/Object;)Ljava/lang/Object;> (0x00000007117d1aa0) thrown at [./open/src/hotspot/share/interpreter/linkResolve
Event: 11.027 Thread 0x000002113709e800 Exception <a 'java/lang/NoSuchMethodError'{0x00000007117d4c90}: java.lang.invoke.DirectMethodHandle$Holder.invokeStatic(Ljava/lang/Object;Ljava/lang/Object;I)V> (0x00000007117d4c90) thrown at [./open/src/hotspot/share/interpreter/linkResolver.cpp, line 77
Event: 11.152 Thread 0x000002113709e800 Exception <a 'java/lang/NoSuchMethodError'{0x0000000711484928}: java.lang.invoke.DirectMethodHandle$Holder.invokeSpecialIFC(Ljava/lang/Object;Ljava/lang/Object;Ljava/lang/Object;)I> (0x0000000711484928) thrown at [./open/src/hotspot/share/interpreter/link
Event: 11.300 Thread 0x000002113709e800 Exception <a 'java/lang/NoSuchMethodError'{0x00000007111c1ef8}: java.lang.invoke.DirectMethodHandle$Holder.invokeVirtual(Ljava/lang/Object;Ljava/lang/Object;Ljava/lang/Object;Ljava/lang/Object;)Ljava/lang/Object;> (0x00000007111c1ef8) thrown at [./open/sr
Event: 11.440 Thread 0x000002113709e800 Exception <a 'java/lang/NoSuchMethodError'{0x0000000710e24e40}: java.lang.invoke.DirectMethodHandle$Holder.invokeSpecial(Ljava/lang/Object;Ljava/lang/Object;Ljava/lang/Object;Ljava/lang/Object;Ljava/lang/Object;Ljava/lang/Object;)V> (0x0000000710e24e40) t

Events (10 events):
Event: 12.596 Executing VM operation: RevokeBias done
Event: 12.598 loading class io/netty/channel/CombinedChannelDuplexHandler$DelegatingChannelHandlerContext
Event: 12.598 loading class io/netty/channel/CombinedChannelDuplexHandler$DelegatingChannelHandlerContext done
Event: 12.604 loading class io/netty/channel/CombinedChannelDuplexHandler$1
Event: 12.604 loading class io/netty/channel/CombinedChannelDuplexHandler$1 done
Event: 12.605 Executing VM operation: RevokeBias
Event: 12.606 Executing VM operation: RevokeBias done
Event: 12.606 Executing VM operation: RevokeBias
Event: 12.606 Executing VM operation: RevokeBias done
Event: 12.607 Executing VM operation: RevokeBias


Dynamic libraries:
0x00007ff70b730000 - 0x00007ff70b740000 	C:\Program Files\Java\jdk-11\bin\javaw.exe
0x00007ffbeefd0000 - 0x00007ffbef1c7000 	C:\Windows\SYSTEM32\ntdll.dll
0x00007ffbedb70000 - 0x00007ffbedc2d000 	C:\Windows\System32\KERNEL32.DLL
0x00007ffbeca00000 - 0x00007ffbeccf6000 	C:\Windows\System32\KERNELBASE.dll
0x00007ffbecd00000 - 0x00007ffbece00000 	C:\Windows\System32\ucrtbase.dll
0x00007ffbd3c00000 - 0x00007ffbd3c1b000 	C:\Program Files\Java\jdk-11\bin\VCRUNTIME140.dll
0x00007ffbd3040000 - 0x00007ffbd3059000 	C:\Program Files\Java\jdk-11\bin\jli.dll
0x00007ffbee430000 - 0x00007ffbee4de000 	C:\Windows\System32\ADVAPI32.dll
0x00007ffbeec20000 - 0x00007ffbeecbe000 	C:\Windows\System32\msvcrt.dll
0x00007ffbee180000 - 0x00007ffbee21c000 	C:\Windows\System32\sechost.dll
0x00007ffbeda40000 - 0x00007ffbedb66000 	C:\Windows\System32\RPCRT4.dll
0x00007ffbeed40000 - 0x00007ffbeeede000 	C:\Windows\System32\USER32.dll
0x00007ffbec800000 - 0x00007ffbec822000 	C:\Windows\System32\win32u.dll
0x00007ffbee4e0000 - 0x00007ffbee50c000 	C:\Windows\System32\GDI32.dll
0x00007ffbec6e0000 - 0x00007ffbec7fa000 	C:\Windows\System32\gdi32full.dll
0x00007ffbd6e00000 - 0x00007ffbd709a000 	C:\Windows\WinSxS\amd64_microsoft.windows.common-controls_6595b64144ccf1df_6.0.19041.3570_none_60bb2a3971f3e41a\COMCTL32.dll
0x00007ffbece00000 - 0x00007ffbece9d000 	C:\Windows\System32\msvcp_win.dll
0x00007ffbe07e0000 - 0x00007ffbe07ea000 	C:\Windows\SYSTEM32\VERSION.dll
0x00007ffbee010000 - 0x00007ffbee040000 	C:\Windows\System32\IMM32.DLL
0x00007ffbe4d50000 - 0x00007ffbe4d5c000 	C:\Program Files\Java\jdk-11\bin\vcruntime140_1.dll
0x00007ffbb0d30000 - 0x00007ffbb0dbe000 	C:\Program Files\Java\jdk-11\bin\msvcp140.dll
0x00007ffb41730000 - 0x00007ffb4229c000 	C:\Program Files\Java\jdk-11\bin\server\jvm.dll
0x00007ffbd0ba0000 - 0x00007ffbd0bc7000 	C:\Windows\SYSTEM32\WINMM.dll
0x00007ffbeebb0000 - 0x00007ffbeebb8000 	C:\Windows\System32\PSAPI.DLL
0x00007ffbd36a0000 - 0x00007ffbd36a9000 	C:\Windows\SYSTEM32\WSOCK32.dll
0x00007ffbee6d0000 - 0x00007ffbee73b000 	C:\Windows\System32\WS2_32.dll
0x00007ffbeaee0000 - 0x00007ffbeaef2000 	C:\Windows\SYSTEM32\kernel.appcore.dll
0x00007ffbe33f0000 - 0x00007ffbe3400000 	C:\Program Files\Java\jdk-11\bin\verify.dll
0x00007ffbe72b0000 - 0x00007ffbe7494000 	C:\Windows\SYSTEM32\DBGHELP.DLL
0x00007ffbd6dc0000 - 0x00007ffbd6df4000 	C:\Windows\SYSTEM32\dbgcore.DLL
0x00007ffbecef0000 - 0x00007ffbecf72000 	C:\Windows\System32\bcryptPrimitives.dll
0x00007ffbc7c60000 - 0x00007ffbc7c88000 	C:\Program Files\Java\jdk-11\bin\java.dll
0x00007ffbd2fb0000 - 0x00007ffbd2fba000 	C:\Program Files\Java\jdk-11\bin\jimage.dll
0x00007ffbcb610000 - 0x00007ffbcb627000 	C:\Program Files\Java\jdk-11\bin\zip.dll
0x00007ffbed160000 - 0x00007ffbed8a4000 	C:\Windows\System32\SHELL32.dll
0x00007ffbe75f0000 - 0x00007ffbe7d8b000 	C:\Windows\SYSTEM32\windows.storage.dll
0x00007ffbedcb0000 - 0x00007ffbee004000 	C:\Windows\System32\combase.dll
0x00007ffbec020000 - 0x00007ffbec04d000 	C:\Windows\SYSTEM32\Wldp.dll
0x00007ffbeeee0000 - 0x00007ffbeef8d000 	C:\Windows\System32\SHCORE.dll
0x00007ffbeebc0000 - 0x00007ffbeec15000 	C:\Windows\System32\shlwapi.dll
0x00007ffbec5e0000 - 0x00007ffbec605000 	C:\Windows\SYSTEM32\profapi.dll
0x00007ffbc7c40000 - 0x00007ffbc7c59000 	C:\Program Files\Java\jdk-11\bin\net.dll
0x00007ffbdfe40000 - 0x00007ffbdff4a000 	C:\Windows\SYSTEM32\WINHTTP.dll
0x00007ffbebd80000 - 0x00007ffbebdea000 	C:\Windows\system32\mswsock.dll
0x00007ffbc66f0000 - 0x00007ffbc6702000 	C:\Program Files\Java\jdk-11\bin\nio.dll
0x00007ffbebab0000 - 0x00007ffbebb7a000 	C:\Windows\SYSTEM32\DNSAPI.dll
0x00007ffbeba70000 - 0x00007ffbebaab000 	C:\Windows\SYSTEM32\IPHLPAPI.DLL
0x00007ffbed8b0000 - 0x00007ffbed8b8000 	C:\Windows\System32\NSI.dll
0x00007ffbd9280000 - 0x00007ffbd928a000 	C:\Windows\System32\rasadhlp.dll
0x00007ffbd9290000 - 0x00007ffbd9312000 	C:\Windows\System32\fwpuclnt.dll
0x00007ffbec6b0000 - 0x00007ffbec6d7000 	C:\Windows\System32\bcrypt.dll
0x00007ffbebf80000 - 0x00007ffbebf98000 	C:\Windows\SYSTEM32\CRYPTSP.dll
0x00007ffbeb690000 - 0x00007ffbeb6c4000 	C:\Windows\system32\rsaenh.dll
0x00007ffbec5a0000 - 0x00007ffbec5ce000 	C:\Windows\SYSTEM32\USERENV.dll
0x00007ffbebf70000 - 0x00007ffbebf7c000 	C:\Windows\SYSTEM32\CRYPTBASE.dll
0x00007ffbe1480000 - 0x00007ffbe1497000 	C:\Windows\SYSTEM32\dhcpcsvc6.DLL
0x00007ffbe17b0000 - 0x00007ffbe17cd000 	C:\Windows\SYSTEM32\dhcpcsvc.DLL
0x00007ffbd2fa0000 - 0x00007ffbd2fa9000 	C:\Program Files\Java\jdk-11\bin\management.dll
0x00007ffbc7e30000 - 0x00007ffbc7e3b000 	C:\Program Files\Java\jdk-11\bin\management_ext.dll
0x00007ffbc44a0000 - 0x00007ffbc44c7000 	C:\Program Files\Java\jdk-11\bin\sunec.dll

dbghelp: loaded successfully - version: 4.0.5 - missing functions: none
symbol engine: initialized successfully - sym options: 0x614 - pdb path: .;C:\Program Files\Java\jdk-11\bin;C:\Windows\SYSTEM32;C:\Windows\WinSxS\amd64_microsoft.windows.common-controls_6595b64144ccf1df_6.0.19041.3570_none_60bb2a3971f3e41a;C:\Program Files\Java\jdk-11\bin\server

VM Arguments:
jvm_args: -ea -Dfile.encoding=UTF-8 -Dstdout.encoding=UTF-8 -Dstderr.encoding=UTF-8 
java_command: org.testng.remote.RemoteTestNG -serport 63952 -protocol json -d D:\Eclipse\AppiumDemo01\AppiumFramework\test-output D:\Eclipse\AppiumDemo01\AppiumFramework\testng.xml
java_class_path (initial): C:\Users\mukeshn\eclipse\java-2023-09\eclipse\configuration\org.eclipse.osgi\534\0\.cp\lib\testng-remote.jar;D:\Eclipse\AppiumDemo01\AppiumFramework\target\test-classes;D:\Eclipse\AppiumDemo01\AppiumFramework\target\classes;C:\Users\mukeshn\.m2\repository\io\appium\java-client\8.5.1\java-client-8.5.1.jar;C:\Users\mukeshn\.m2\repository\org\seleniumhq\selenium\selenium-api\4.14.1\selenium-api-4.14.1.jar;C:\Users\mukeshn\.m2\repository\org\seleniumhq\selenium\selenium-support\4.14.1\selenium-support-4.14.1.jar;C:\Users\mukeshn\.m2\repository\com\google\code\gson\gson\2.10.1\gson-2.10.1.jar;C:\Users\mukeshn\.m2\repository\commons-validator\commons-validator\1.7\commons-validator-1.7.jar;C:\Users\mukeshn\.m2\repository\commons-beanutils\commons-beanutils\1.9.4\commons-beanutils-1.9.4.jar;C:\Users\mukeshn\.m2\repository\commons-digester\commons-digester\2.1\commons-digester-2.1.jar;C:\Users\mukeshn\.m2\repository\commons-logging\commons-logging\1.2\commons-logging-1.2.jar;C:\Users\mukeshn\.m2\repository\commons-collections\commons-collections\3.2.2\commons-collections-3.2.2.jar;C:\Users\mukeshn\.m2\repository\org\apache\commons\commons-lang3\3.12.0\commons-lang3-3.12.0.jar;C:\Users\mukeshn\.m2\repository\org\slf4j\slf4j-api\2.0.7\slf4j-api-2.0.7.jar;C:\Users\mukeshn\.m2\repository\org\testng\testng\7.7.1\testng-7.7.1.jar;C:\Users\mukeshn\.m2\repository\com\beust\jcommander\1.82\jcommander-1.82.jar;C:\Users\mukeshn\.m2\repository\org\webjars\jquery\3.6.1\jquery-3.6.1.jar;C:\Users\mukeshn\.m2\repository\log4j\log4j\1.2.17\log4j-1.2.17.jar;C:\Users\mukeshn\.m2\repository\org\seleniumhq\selenium\selenium-java\4.12.1\selenium-java-4.12.1.jar;C:\Users\mukeshn\.m2\repository\org\seleniumhq\selenium\selenium-chrome-driver\4.12.1\selenium-chrome-driver-4.12.1.jar;C:\Users\mukeshn\.m2\repository\org\seleniumhq\selenium\selenium-chromium-driver\4.12.1\selenium-chromium-driver-4.12.1.jar;C:\Users\mukeshn\.m2\repository\org\seleniumhq\selenium\selenium-de
Launcher Type: SUN_STANDARD

[Global flags]
     intx CICompilerCount                          = 4                                         {product} {ergonomic}
     uint ConcGCThreads                            = 2                                         {product} {ergonomic}
     uint G1ConcRefinementThreads                  = 8                                         {product} {ergonomic}
   size_t G1HeapRegionSize                         = 1048576                                   {product} {ergonomic}
    uintx GCDrainStackTargetSize                   = 64                                        {product} {ergonomic}
   size_t InitialHeapSize                          = 266338304                                 {product} {ergonomic}
   size_t MarkStackSize                            = 4194304                                   {product} {ergonomic}
   size_t MaxHeapSize                              = 4240441344                                {product} {ergonomic}
   size_t MaxNewSize                               = 2543845376                                {product} {ergonomic}
   size_t MinHeapDeltaBytes                        = 1048576                                   {product} {ergonomic}
    uintx NonNMethodCodeHeapSize                   = 5836300                                {pd product} {ergonomic}
    uintx NonProfiledCodeHeapSize                  = 122910970                              {pd product} {ergonomic}
    uintx ProfiledCodeHeapSize                     = 122910970                              {pd product} {ergonomic}
    uintx ReservedCodeCacheSize                    = 251658240                              {pd product} {ergonomic}
     bool SegmentedCodeCache                       = true                                      {product} {ergonomic}
     bool UseCompressedClassPointers               = true                                 {lp64_product} {ergonomic}
     bool UseCompressedOops                        = true                                 {lp64_product} {ergonomic}
     bool UseG1GC                                  = true                                      {product} {ergonomic}
     bool UseLargePagesIndividualAllocation        = false                                  {pd product} {ergonomic}

Logging:
Log output configuration:
 #0: stdout all=warning uptime,level,tags
 #1: stderr all=off uptime,level,tags

Environment Variables:
JAVA_HOME=C:\Program Files\Java\jdk-11
PATH=C:/Users/mukeshn/.p2/pool/plugins/org.eclipse.justj.openjdk.hotspot.jre.full.win32.x86_64_19.0.2.v20230129-1123/jre/bin/server;C:/Users/mukeshn/.p2/pool/plugins/org.eclipse.justj.openjdk.hotspot.jre.full.win32.x86_64_19.0.2.v20230129-1123/jre/bin;C:\Program Files\Common Files\Oracle\Java\javapath;C:\Windows\system32;C:\Windows;C:\Windows\System32\Wbem;C:\Windows\System32\WindowsPowerShell\v1.0\;C:\Windows\System32\OpenSSH\;C:\Program Files\Microsoft VS Code\bin;C:\Program Files\nodejs\;C:\Users\mukeshn\AppData\Local\Android\Sdk\tools\bin;C:\Users\mukeshn\AppData\Local\Android\Sdk\tools;C:\Users\mukeshn\AppData\Local\Android\Sdk\platform-tools;C:\Program Files\nodejs\node_modules\npm\bin;C:\Users\mukeshn\AppData\Local\Microsoft\WindowsApps;C:\Users\mukeshn\AppData\Roaming\npm;C:\Windows\system32;
USERNAME=mukeshn
OS=Windows_NT
PROCESSOR_IDENTIFIER=Intel64 Family 6 Model 142 Stepping 12, GenuineIntel



---------------  S Y S T E M  ---------------

OS: Windows 10 , 64 bit Build 19041 (10.0.19041.3570)

CPU:total 8 (initial active 8) (4 cores per cpu, 2 threads per core) family 6 model 142 stepping 12 microcode 0xea, cmov, cx8, fxsr, mmx, sse, sse2, sse3, ssse3, sse4.1, sse4.2, popcnt, avx, avx2, aes, clmul, erms, 3dnowpref, lzcnt, ht, tsc, tscinvbit, bmi1, bmi2, adx, fma

Memory: 4k page, system-wide physical 16172M (306M free)
TotalPageFile size 46616M (AvailPageFile size 1M)
current process WorkingSet (physical memory assigned to process): 164M, peak: 167M
current process commit charge ("private bytes"): 406M, peak: 410M

vm_info: Java HotSpot(TM) 64-Bit Server VM (11.0.19+9-LTS-224) for windows-amd64 JRE (11.0.19+9-LTS-224), built on Mar 27 2023 08:48:55 by "mach5one" with MS VC++ 17.1 (VS2022)

END.
